[00:00:11] [Server thread/INFO]: SoyAnsie has made the advancement [Eye Spy]
[00:01:01] [User Authenticator #5/INFO]: UUID of player samilonga is 48f0df53-8812-32ca-b1d6-e2d1376384db
[00:01:02] [Server thread/INFO]: samilonga joined the game
[00:01:02] [Server thread/INFO]: samilonga[/127.246.133.209:56429] logged in with entity id 9986 at ([world]-5496.399867630132, 63.0, 2904.3752387297955)
[00:02:58] [Server thread/INFO]: Alejooo877 Durmiendo. Buenas noches, A todos!
[00:03:01] [Server thread/INFO]: Buenos Dias a todos!
[00:03:02] [Server thread/INFO]: [Server: Guardando datos...]
[00:03:02] [Server thread/INFO]: Saving the game (this may take a moment!)
[00:03:02] [Server thread/INFO]: Saved the game
[00:05:16] [Server thread/INFO]: Alejooo877 lost connection: Disconnected
[00:05:16] [Server thread/INFO]: [voicechat] Disconnecting client Alejooo877
[00:05:16] [Server thread/INFO]: Alejooo877 left the game
[00:06:21] [User Authenticator #6/INFO]: UUID of player Alejooo877 is 3e9db58b-ac24-351e-9305-dc1d89c0b11d
[00:06:22] [Server thread/INFO]: Alejooo877 joined the game
[00:06:22] [Server thread/INFO]: Alejooo877[/127.131.205.88:56725] logged in with entity id 11820 at ([world]-5351.046627670241, -23.0, 2710.6913468038183)
[00:08:21] [Server thread/INFO]: SoyAnsie has made the advancement [The End?]
[00:09:31] [Server thread/INFO]: SoyAnsie has made the advancement [Remote Getaway]
[00:09:44] [Server thread/INFO]: SoyAnsie lost connection: Disconnected
[00:09:44] [Server thread/INFO]: [voicechat] Disconnecting client SoyAnsie
[00:09:44] [Server thread/INFO]: SoyAnsie left the game
[00:13:14] [User Authenticator #7/INFO]: UUID of player SoyAnsie is 9286ab57-f388-33f3-990f-e8d293eccf71
[00:13:15] [Server thread/INFO]: SoyAnsie joined the game
[00:13:15] [Server thread/INFO]: SoyAnsie[/127.132.84.179:33435] logged in with entity id 13932 at ([world_the_end]660.9492861261841, 60.0, -960.5066502773873)
[00:16:39] [Server thread/INFO]: Alejooo877 lost connection: Disconnected
[00:16:39] [Server thread/INFO]: [voicechat] Disconnecting client Alejooo877
[00:16:39] [Server thread/INFO]: Alejooo877 left the game
[00:16:53] [User Authenticator #8/INFO]: UUID of player Alejooo877 is 3e9db58b-ac24-351e-9305-dc1d89c0b11d
[00:16:53] [Server thread/INFO]: Alejooo877 joined the game
[00:16:53] [Server thread/INFO]: Alejooo877[/127.131.205.88:47301] logged in with entity id 15618 at ([world]-5578.300000011921, -25.0, 2980.596618352983)
[00:16:54] [Server thread/INFO]: SoyAnsie has made the advancement [The City at the End of the Game]
[00:20:31] [Server thread/WARN]: SoyAnsie moved wrongly!
[00:25:10] [Server thread/INFO]: SoyAnsie has reached the goal [Sky's the Limit]
[00:26:22] [Server thread/INFO]: [Not Secure] [Server] SoyAnsie es la primera persona en llegar al limite del mundo Felicidades!!
[00:26:51] [Server thread/INFO]: [Not Secure] [Server] (hacia arriba claro /:)
[00:28:53] [Server thread/INFO]: SoyAnsie issued server command: /plugins
[00:30:28] [Server thread/INFO]: Environment: Environment[sessionHost=https://sessionserver.mojang.com, servicesHost=https://api.minecraftservices.com, profilesHost=https://api.mojang.com, name=PROD]
[00:30:28] [Server thread/INFO]: samilonga was blown up by Creeper
[00:30:34] [Server thread/INFO]: samilonga lost connection: Disconnected
[00:30:34] [Server thread/INFO]: [voicechat] Disconnecting client samilonga
[00:30:34] [Server thread/INFO]: samilonga left the game
[00:33:52] [Server thread/INFO]: SoyAnsie lost connection: Disconnected
[00:33:52] [Server thread/INFO]: [voicechat] Disconnecting client SoyAnsie
[00:33:52] [Server thread/INFO]: SoyAnsie left the game
[00:33:59] [User Authenticator #9/INFO]: UUID of player SoyAnsie is 9286ab57-f388-33f3-990f-e8d293eccf71
[00:34:00] [Server thread/INFO]: SoyAnsie joined the game
[00:34:00] [Server thread/INFO]: SoyAnsie[/127.132.84.179:48733] logged in with entity id 23914 at ([world_the_end]1361.9186901051685, -174.1995278045616, -244.23358516015662)
[00:34:01] [Server thread/INFO]: SoyAnsie fell out of the world
[00:34:16] [Async Chat Thread - #2/INFO]: [Not Secure] <SoyAnsie> tremenda cagada
[00:34:22] [Server thread/INFO]: SoyAnsie issued server command: /home
[00:34:24] [Server thread/INFO]: SoyAnsie issued server command: /home base
[00:34:33] [Async Chat Thread - #2/INFO]: [Not Secure] <Alejooo877> diablo
[00:34:39] [Async Chat Thread - #2/INFO]: [Not Secure] <Alejooo877> mataron a trujillo
[00:35:12] [Server thread/INFO]: SoyAnsie Durmiendo. Buenas noches, A todos!
[00:35:16] [Server thread/INFO]: Buenos Dias a todos!
[00:35:16] [Server thread/INFO]: [Server: Guardando datos...]
[00:35:16] [Server thread/INFO]: Saving the game (this may take a moment!)
[00:35:16] [Server thread/INFO]: Saved the game
[00:35:54] [Server thread/INFO]: SoyAnsie lost connection: Disconnected
[00:35:54] [Server thread/INFO]: [voicechat] Disconnecting client SoyAnsie
[00:35:54] [Server thread/INFO]: SoyAnsie left the game
[00:37:39] [Server thread/INFO]: Alejooo877 lost connection: Disconnected
[00:37:39] [Server thread/INFO]: [voicechat] Disconnecting client Alejooo877
[00:37:39] [Server thread/INFO]: Alejooo877 left the game
[00:37:44] [User Authenticator #10/INFO]: UUID of player Alejooo877 is 3e9db58b-ac24-351e-9305-dc1d89c0b11d
[00:37:45] [Server thread/INFO]: Alejooo877 joined the game
[00:37:45] [Server thread/INFO]: Alejooo877[/127.131.205.88:44249] logged in with entity id 25348 at ([world]-5852.785667246064, -42.80871966603674, 2979.011540893555)
